CRITICAL - 2024-09-24 00:07:38 --> Error: Undefined constant "CodeIgniter\Database\MySQLi\MYSQLI_STORE_RESULT"
[Method: CLI, Route: migrate]
in SYSTEMPATH\Database\Database.php on line 143.
 1 SYSTEMPATH\Database\Database.php(61): CodeIgniter\Database\Database->initDriver()
 2 SYSTEMPATH\Database\Config.php(84): CodeIgniter\Database\Database->load()
 3 SYSTEMPATH\Common.php(361): CodeIgniter\Database\Config::connect()
 4 SYSTEMPATH\Database\MigrationRunner.php(146): db_connect()
 5 SYSTEMPATH\Config\Services.php(421): CodeIgniter\Database\MigrationRunner->__construct()
 6 SYSTEMPATH\Config\BaseService.php(312): CodeIgniter\Config\Services::migrations()
 7 SYSTEMPATH\Config\BaseService.php(251): CodeIgniter\Config\BaseService::__callStatic()
 8 SYSTEMPATH\Config\Services.php(416): CodeIgniter\Config\BaseService::getSharedInstance()
 9 SYSTEMPATH\Config\BaseService.php(321): CodeIgniter\Config\Services::migrations()
10 SYSTEMPATH\Config\BaseService.php(202): CodeIgniter\Config\BaseService::__callStatic()
11 SYSTEMPATH\Common.php(998): CodeIgniter\Config\BaseService::get()
12 SYSTEMPATH\Commands\Database\Migrate.php(70): service()
13 SYSTEMPATH\CLI\Commands.php(70): CodeIgniter\Commands\Database\Migrate->run()
14 SYSTEMPATH\CLI\Console.php(48): CodeIgniter\CLI\Commands->run()
15 SYSTEMPATH\Boot.php(351): CodeIgniter\CLI\Console->run()
16 SYSTEMPATH\Boot.php(104): CodeIgniter\Boot::runCommand()
17 ROOTPATH\spark(84): CodeIgniter\Boot::bootSpark()
CRITICAL - 2024-09-24 00:10:09 --> Error: Undefined constant "CodeIgniter\Database\MySQLi\MYSQLI_STORE_RESULT"
[Method: CLI, Route: migrate]
in SYSTEMPATH\Database\Database.php on line 143.
 1 SYSTEMPATH\Database\Database.php(61): CodeIgniter\Database\Database->initDriver()
 2 SYSTEMPATH\Database\Config.php(84): CodeIgniter\Database\Database->load()
 3 SYSTEMPATH\Common.php(361): CodeIgniter\Database\Config::connect()
 4 SYSTEMPATH\Database\MigrationRunner.php(146): db_connect()
 5 SYSTEMPATH\Config\Services.php(421): CodeIgniter\Database\MigrationRunner->__construct()
 6 SYSTEMPATH\Config\BaseService.php(312): CodeIgniter\Config\Services::migrations()
 7 SYSTEMPATH\Config\BaseService.php(251): CodeIgniter\Config\BaseService::__callStatic()
 8 SYSTEMPATH\Config\Services.php(416): CodeIgniter\Config\BaseService::getSharedInstance()
 9 SYSTEMPATH\Config\BaseService.php(321): CodeIgniter\Config\Services::migrations()
10 SYSTEMPATH\Config\BaseService.php(202): CodeIgniter\Config\BaseService::__callStatic()
11 SYSTEMPATH\Common.php(998): CodeIgniter\Config\BaseService::get()
12 SYSTEMPATH\Commands\Database\Migrate.php(70): service()
13 SYSTEMPATH\CLI\Commands.php(70): CodeIgniter\Commands\Database\Migrate->run()
14 SYSTEMPATH\CLI\Console.php(48): CodeIgniter\CLI\Commands->run()
15 SYSTEMPATH\Boot.php(351): CodeIgniter\CLI\Console->run()
16 SYSTEMPATH\Boot.php(104): CodeIgniter\Boot::runCommand()
17 ROOTPATH\spark(84): CodeIgniter\Boot::bootSpark()
CRITICAL - 2024-09-24 00:12:43 --> Error: Undefined constant "CodeIgniter\Database\MySQLi\MYSQLI_STORE_RESULT"
[Method: CLI, Route: migrate]
in SYSTEMPATH\Database\Database.php on line 143.
 1 SYSTEMPATH\Database\Database.php(61): CodeIgniter\Database\Database->initDriver()
 2 SYSTEMPATH\Database\Config.php(84): CodeIgniter\Database\Database->load()
 3 SYSTEMPATH\Common.php(361): CodeIgniter\Database\Config::connect()
 4 SYSTEMPATH\Database\MigrationRunner.php(146): db_connect()
 5 SYSTEMPATH\Config\Services.php(421): CodeIgniter\Database\MigrationRunner->__construct()
 6 SYSTEMPATH\Config\BaseService.php(312): CodeIgniter\Config\Services::migrations()
 7 SYSTEMPATH\Config\BaseService.php(251): CodeIgniter\Config\BaseService::__callStatic()
 8 SYSTEMPATH\Config\Services.php(416): CodeIgniter\Config\BaseService::getSharedInstance()
 9 SYSTEMPATH\Config\BaseService.php(321): CodeIgniter\Config\Services::migrations()
10 SYSTEMPATH\Config\BaseService.php(202): CodeIgniter\Config\BaseService::__callStatic()
11 SYSTEMPATH\Common.php(998): CodeIgniter\Config\BaseService::get()
12 SYSTEMPATH\Commands\Database\Migrate.php(70): service()
13 SYSTEMPATH\CLI\Commands.php(70): CodeIgniter\Commands\Database\Migrate->run()
14 SYSTEMPATH\CLI\Console.php(48): CodeIgniter\CLI\Commands->run()
15 SYSTEMPATH\Boot.php(351): CodeIgniter\CLI\Console->run()
16 SYSTEMPATH\Boot.php(104): CodeIgniter\Boot::runCommand()
17 ROOTPATH\spark(84): CodeIgniter\Boot::bootSpark()
ERROR - 2024-09-24 00:12:56 --> Error connecting to the database: mysqli_sql_exception: Unknown database 'ci4' in C:\xampp\htdocs\web.local\system\Database\MySQLi\Connection.php:186
Stack trace:
#0 C:\xampp\htdocs\web.local\system\Database\MySQLi\Connection.php(186): mysqli->real_connect()
#1 C:\xampp\htdocs\web.local\system\Database\BaseConnection.php(421): CodeIgniter\Database\MySQLi\Connection->connect()
#2 C:\xampp\htdocs\web.local\system\Database\BaseConnection.php(616): CodeIgniter\Database\BaseConnection->initialize()
#3 C:\xampp\htdocs\web.local\system\Database\BaseConnection.php(1485): CodeIgniter\Database\BaseConnection->query()
#4 C:\xampp\htdocs\web.local\system\Database\BaseConnection.php(1505): CodeIgniter\Database\BaseConnection->listTables()
#5 C:\xampp\htdocs\web.local\system\Database\MigrationRunner.php(759): CodeIgniter\Database\BaseConnection->tableExists()
#6 C:\xampp\htdocs\web.local\system\Database\MigrationRunner.php(163): CodeIgniter\Database\MigrationRunner->ensureTable()
#7 C:\xampp\htdocs\web.local\system\Commands\Database\Migrate.php(85): CodeIgniter\Database\MigrationRunner->latest()
#8 C:\xampp\htdocs\web.local\system\CLI\Commands.php(70): CodeIgniter\Commands\Database\Migrate->run()
#9 C:\xampp\htdocs\web.local\system\CLI\Console.php(48): CodeIgniter\CLI\Commands->run()
#10 C:\xampp\htdocs\web.local\system\Boot.php(351): CodeIgniter\CLI\Console->run()
#11 C:\xampp\htdocs\web.local\system\Boot.php(104): CodeIgniter\Boot::runCommand()
#12 C:\xampp\htdocs\web.local\spark(84): CodeIgniter\Boot::bootSpark()
#13 {main}

Next CodeIgniter\Database\Exceptions\DatabaseException: Unknown database 'ci4' in C:\xampp\htdocs\web.local\system\Database\MySQLi\Connection.php:231
Stack trace:
#0 C:\xampp\htdocs\web.local\system\Database\BaseConnection.php(421): CodeIgniter\Database\MySQLi\Connection->connect()
#1 C:\xampp\htdocs\web.local\system\Database\BaseConnection.php(616): CodeIgniter\Database\BaseConnection->initialize()
#2 C:\xampp\htdocs\web.local\system\Database\BaseConnection.php(1485): CodeIgniter\Database\BaseConnection->query()
#3 C:\xampp\htdocs\web.local\system\Database\BaseConnection.php(1505): CodeIgniter\Database\BaseConnection->listTables()
#4 C:\xampp\htdocs\web.local\system\Database\MigrationRunner.php(759): CodeIgniter\Database\BaseConnection->tableExists()
#5 C:\xampp\htdocs\web.local\system\Database\MigrationRunner.php(163): CodeIgniter\Database\MigrationRunner->ensureTable()
#6 C:\xampp\htdocs\web.local\system\Commands\Database\Migrate.php(85): CodeIgniter\Database\MigrationRunner->latest()
#7 C:\xampp\htdocs\web.local\system\CLI\Commands.php(70): CodeIgniter\Commands\Database\Migrate->run()
#8 C:\xampp\htdocs\web.local\system\CLI\Console.php(48): CodeIgniter\CLI\Commands->run()
#9 C:\xampp\htdocs\web.local\system\Boot.php(351): CodeIgniter\CLI\Console->run()
#10 C:\xampp\htdocs\web.local\system\Boot.php(104): CodeIgniter\Boot::runCommand()
#11 C:\xampp\htdocs\web.local\spark(84): CodeIgniter\Boot::bootSpark()
#12 {main}
ERROR - 2024-09-24 00:13:24 --> Error connecting to the database: mysqli_sql_exception: Unknown database 'ci4' in C:\xampp\htdocs\web.local\system\Database\MySQLi\Connection.php:186
Stack trace:
#0 C:\xampp\htdocs\web.local\system\Database\MySQLi\Connection.php(186): mysqli->real_connect()
#1 C:\xampp\htdocs\web.local\system\Database\BaseConnection.php(421): CodeIgniter\Database\MySQLi\Connection->connect()
#2 C:\xampp\htdocs\web.local\system\Database\BaseConnection.php(616): CodeIgniter\Database\BaseConnection->initialize()
#3 C:\xampp\htdocs\web.local\system\Database\BaseConnection.php(1485): CodeIgniter\Database\BaseConnection->query()
#4 C:\xampp\htdocs\web.local\system\Database\BaseConnection.php(1505): CodeIgniter\Database\BaseConnection->listTables()
#5 C:\xampp\htdocs\web.local\system\Database\MigrationRunner.php(759): CodeIgniter\Database\BaseConnection->tableExists()
#6 C:\xampp\htdocs\web.local\system\Database\MigrationRunner.php(163): CodeIgniter\Database\MigrationRunner->ensureTable()
#7 C:\xampp\htdocs\web.local\system\Commands\Database\Migrate.php(85): CodeIgniter\Database\MigrationRunner->latest()
#8 C:\xampp\htdocs\web.local\system\CLI\Commands.php(70): CodeIgniter\Commands\Database\Migrate->run()
#9 C:\xampp\htdocs\web.local\system\CLI\Console.php(48): CodeIgniter\CLI\Commands->run()
#10 C:\xampp\htdocs\web.local\system\Boot.php(351): CodeIgniter\CLI\Console->run()
#11 C:\xampp\htdocs\web.local\system\Boot.php(104): CodeIgniter\Boot::runCommand()
#12 C:\xampp\htdocs\web.local\spark(84): CodeIgniter\Boot::bootSpark()
#13 {main}

Next CodeIgniter\Database\Exceptions\DatabaseException: Unknown database 'ci4' in C:\xampp\htdocs\web.local\system\Database\MySQLi\Connection.php:231
Stack trace:
#0 C:\xampp\htdocs\web.local\system\Database\BaseConnection.php(421): CodeIgniter\Database\MySQLi\Connection->connect()
#1 C:\xampp\htdocs\web.local\system\Database\BaseConnection.php(616): CodeIgniter\Database\BaseConnection->initialize()
#2 C:\xampp\htdocs\web.local\system\Database\BaseConnection.php(1485): CodeIgniter\Database\BaseConnection->query()
#3 C:\xampp\htdocs\web.local\system\Database\BaseConnection.php(1505): CodeIgniter\Database\BaseConnection->listTables()
#4 C:\xampp\htdocs\web.local\system\Database\MigrationRunner.php(759): CodeIgniter\Database\BaseConnection->tableExists()
#5 C:\xampp\htdocs\web.local\system\Database\MigrationRunner.php(163): CodeIgniter\Database\MigrationRunner->ensureTable()
#6 C:\xampp\htdocs\web.local\system\Commands\Database\Migrate.php(85): CodeIgniter\Database\MigrationRunner->latest()
#7 C:\xampp\htdocs\web.local\system\CLI\Commands.php(70): CodeIgniter\Commands\Database\Migrate->run()
#8 C:\xampp\htdocs\web.local\system\CLI\Console.php(48): CodeIgniter\CLI\Commands->run()
#9 C:\xampp\htdocs\web.local\system\Boot.php(351): CodeIgniter\CLI\Console->run()
#10 C:\xampp\htdocs\web.local\system\Boot.php(104): CodeIgniter\Boot::runCommand()
#11 C:\xampp\htdocs\web.local\spark(84): CodeIgniter\Boot::bootSpark()
#12 {main}
ERROR - 2024-09-24 00:15:08 --> Error connecting to the database: mysqli_sql_exception: Unknown database 'ci4' in C:\xampp\htdocs\web.local\system\Database\MySQLi\Connection.php:186
Stack trace:
#0 C:\xampp\htdocs\web.local\system\Database\MySQLi\Connection.php(186): mysqli->real_connect()
#1 C:\xampp\htdocs\web.local\system\Database\BaseConnection.php(421): CodeIgniter\Database\MySQLi\Connection->connect()
#2 C:\xampp\htdocs\web.local\system\Database\BaseConnection.php(616): CodeIgniter\Database\BaseConnection->initialize()
#3 C:\xampp\htdocs\web.local\system\Database\BaseConnection.php(1485): CodeIgniter\Database\BaseConnection->query()
#4 C:\xampp\htdocs\web.local\system\Database\BaseConnection.php(1505): CodeIgniter\Database\BaseConnection->listTables()
#5 C:\xampp\htdocs\web.local\system\Database\MigrationRunner.php(759): CodeIgniter\Database\BaseConnection->tableExists()
#6 C:\xampp\htdocs\web.local\system\Database\MigrationRunner.php(163): CodeIgniter\Database\MigrationRunner->ensureTable()
#7 C:\xampp\htdocs\web.local\system\Commands\Database\Migrate.php(85): CodeIgniter\Database\MigrationRunner->latest()
#8 C:\xampp\htdocs\web.local\system\CLI\Commands.php(70): CodeIgniter\Commands\Database\Migrate->run()
#9 C:\xampp\htdocs\web.local\system\CLI\Console.php(48): CodeIgniter\CLI\Commands->run()
#10 C:\xampp\htdocs\web.local\system\Boot.php(351): CodeIgniter\CLI\Console->run()
#11 C:\xampp\htdocs\web.local\system\Boot.php(104): CodeIgniter\Boot::runCommand()
#12 C:\xampp\htdocs\web.local\spark(84): CodeIgniter\Boot::bootSpark()
#13 {main}

Next CodeIgniter\Database\Exceptions\DatabaseException: Unknown database 'ci4' in C:\xampp\htdocs\web.local\system\Database\MySQLi\Connection.php:231
Stack trace:
#0 C:\xampp\htdocs\web.local\system\Database\BaseConnection.php(421): CodeIgniter\Database\MySQLi\Connection->connect()
#1 C:\xampp\htdocs\web.local\system\Database\BaseConnection.php(616): CodeIgniter\Database\BaseConnection->initialize()
#2 C:\xampp\htdocs\web.local\system\Database\BaseConnection.php(1485): CodeIgniter\Database\BaseConnection->query()
#3 C:\xampp\htdocs\web.local\system\Database\BaseConnection.php(1505): CodeIgniter\Database\BaseConnection->listTables()
#4 C:\xampp\htdocs\web.local\system\Database\MigrationRunner.php(759): CodeIgniter\Database\BaseConnection->tableExists()
#5 C:\xampp\htdocs\web.local\system\Database\MigrationRunner.php(163): CodeIgniter\Database\MigrationRunner->ensureTable()
#6 C:\xampp\htdocs\web.local\system\Commands\Database\Migrate.php(85): CodeIgniter\Database\MigrationRunner->latest()
#7 C:\xampp\htdocs\web.local\system\CLI\Commands.php(70): CodeIgniter\Commands\Database\Migrate->run()
#8 C:\xampp\htdocs\web.local\system\CLI\Console.php(48): CodeIgniter\CLI\Commands->run()
#9 C:\xampp\htdocs\web.local\system\Boot.php(351): CodeIgniter\CLI\Console->run()
#10 C:\xampp\htdocs\web.local\system\Boot.php(104): CodeIgniter\Boot::runCommand()
#11 C:\xampp\htdocs\web.local\spark(84): CodeIgniter\Boot::bootSpark()
#12 {main}
ERROR - 2024-09-24 00:22:20 --> mysqli_sql_exception: Table 'produtos' already exists in C:\xampp\htdocs\web.local\system\Database\MySQLi\Connection.php:312
Stack trace:
#0 C:\xampp\htdocs\web.local\system\Database\MySQLi\Connection.php(312): mysqli->query()
#1 C:\xampp\htdocs\web.local\system\Database\BaseConnection.php(734): CodeIgniter\Database\MySQLi\Connection->execute()
#2 C:\xampp\htdocs\web.local\system\Database\BaseConnection.php(648): CodeIgniter\Database\BaseConnection->simpleQuery()
#3 C:\xampp\htdocs\web.local\system\Database\Forge.php(570): CodeIgniter\Database\BaseConnection->query()
#4 C:\xampp\htdocs\web.local\app\Database\Migrations\2024-09-24-000155_Produtos.php(34): CodeIgniter\Database\Forge->createTable()
#5 C:\xampp\htdocs\web.local\system\Database\MigrationRunner.php(867): App\Database\Migrations\Produtos->up()
#6 C:\xampp\htdocs\web.local\system\Database\MigrationRunner.php(183): CodeIgniter\Database\MigrationRunner->migrate()
#7 C:\xampp\htdocs\web.local\system\Commands\Database\Migrate.php(85): CodeIgniter\Database\MigrationRunner->latest()
#8 C:\xampp\htdocs\web.local\system\CLI\Commands.php(70): CodeIgniter\Commands\Database\Migrate->run()
#9 C:\xampp\htdocs\web.local\system\CLI\Console.php(48): CodeIgniter\CLI\Commands->run()
#10 C:\xampp\htdocs\web.local\system\Boot.php(351): CodeIgniter\CLI\Console->run()
#11 C:\xampp\htdocs\web.local\system\Boot.php(104): CodeIgniter\Boot::runCommand()
#12 C:\xampp\htdocs\web.local\spark(84): CodeIgniter\Boot::bootSpark()
#13 {main}
CRITICAL - 2024-09-24 00:40:42 --> ErrorException: Undefined array key "produtoId"
[Method: GET, Route: produtos/listar]
in APPPATH\Views\produtos\listar.php on line 40.
 1 APPPATH\Views\produtos\listar.php(40): CodeIgniter\Debug\Exceptions->errorHandler(2, 'Undefined array key "produtoId"', 'C:\\xampp\\htdocs\\web.local\\app\\Views\\produtos\\listar.php', 40)
 2 SYSTEMPATH\View\View.php(234): include('C:\\xampp\\htdocs\\web.local\\app\\Views\\produtos\\listar.php')
 3 SYSTEMPATH\View\View.php(237): CodeIgniter\View\View->CodeIgniter\View\{closure}()
 4 SYSTEMPATH\Common.php(1171): CodeIgniter\View\View->render('produtos/listar', [], true)
 5 APPPATH\Controllers\Produtos.php(21): view('produtos/listar', [...])
 6 SYSTEMPATH\CodeIgniter.php(933): App\Controllers\Produtos->listar()
 7 SYSTEMPATH\CodeIgniter.php(509): CodeIgniter\CodeIgniter->runController(Object(App\Controllers\Produtos))
 8 SYSTEMPATH\CodeIgniter.php(355): CodeIgniter\CodeIgniter->handleRequest(null, Object(Config\Cache), false)
 9 SYSTEMPATH\Boot.php(325): CodeIgniter\CodeIgniter->run()
10 SYSTEMPATH\Boot.php(67): CodeIgniter\Boot::runCodeIgniter(Object(CodeIgniter\CodeIgniter))
11 FCPATH\index.php(56): CodeIgniter\Boot::bootWeb(Object(Config\Paths))
CRITICAL - 2024-09-24 00:41:31 --> ErrorException: Undefined array key "QTDE"
[Method: GET, Route: produtos/listar]
in APPPATH\Views\produtos\listar.php on line 42.
 1 APPPATH\Views\produtos\listar.php(42): CodeIgniter\Debug\Exceptions->errorHandler(2, 'Undefined array key "QTDE"', 'C:\\xampp\\htdocs\\web.local\\app\\Views\\produtos\\listar.php', 42)
 2 SYSTEMPATH\View\View.php(234): include('C:\\xampp\\htdocs\\web.local\\app\\Views\\produtos\\listar.php')
 3 SYSTEMPATH\View\View.php(237): CodeIgniter\View\View->CodeIgniter\View\{closure}()
 4 SYSTEMPATH\Common.php(1171): CodeIgniter\View\View->render('produtos/listar', [], true)
 5 APPPATH\Controllers\Produtos.php(21): view('produtos/listar', [...])
 6 SYSTEMPATH\CodeIgniter.php(933): App\Controllers\Produtos->listar()
 7 SYSTEMPATH\CodeIgniter.php(509): CodeIgniter\CodeIgniter->runController(Object(App\Controllers\Produtos))
 8 SYSTEMPATH\CodeIgniter.php(355): CodeIgniter\CodeIgniter->handleRequest(null, Object(Config\Cache), false)
 9 SYSTEMPATH\Boot.php(325): CodeIgniter\CodeIgniter->run()
10 SYSTEMPATH\Boot.php(67): CodeIgniter\Boot::runCodeIgniter(Object(CodeIgniter\CodeIgniter))
11 FCPATH\index.php(56): CodeIgniter\Boot::bootWeb(Object(Config\Paths))
CRITICAL - 2024-09-24 01:05:05 --> ErrorException: Undefined variable $produto
[Method: GET, Route: produtos/listar]
in APPPATH\Views\produtos\listar.php on line 164.
 1 APPPATH\Views\produtos\listar.php(164): CodeIgniter\Debug\Exceptions->errorHandler(2, 'Undefined variable $produto', 'C:\\xampp\\htdocs\\web.local\\app\\Views\\produtos\\listar.php', 164)
 2 SYSTEMPATH\View\View.php(234): include('C:\\xampp\\htdocs\\web.local\\app\\Views\\produtos\\listar.php')
 3 SYSTEMPATH\View\View.php(237): CodeIgniter\View\View->CodeIgniter\View\{closure}()
 4 SYSTEMPATH\Common.php(1171): CodeIgniter\View\View->render('produtos/listar', [], true)
 5 APPPATH\Controllers\Produtos.php(21): view('produtos/listar', [...])
 6 SYSTEMPATH\CodeIgniter.php(933): App\Controllers\Produtos->listar()
 7 SYSTEMPATH\CodeIgniter.php(509): CodeIgniter\CodeIgniter->runController(Object(App\Controllers\Produtos))
 8 SYSTEMPATH\CodeIgniter.php(355): CodeIgniter\CodeIgniter->handleRequest(null, Object(Config\Cache), false)
 9 SYSTEMPATH\Boot.php(325): CodeIgniter\CodeIgniter->run()
10 SYSTEMPATH\Boot.php(67): CodeIgniter\Boot::runCodeIgniter(Object(CodeIgniter\CodeIgniter))
11 FCPATH\index.php(56): CodeIgniter\Boot::bootWeb(Object(Config\Paths))
CRITICAL - 2024-09-24 01:05:28 --> ErrorException: Undefined variable $produto
[Method: GET, Route: produtos/listar]
in APPPATH\Views\produtos\listar.php on line 164.
 1 APPPATH\Views\produtos\listar.php(164): CodeIgniter\Debug\Exceptions->errorHandler(2, 'Undefined variable $produto', 'C:\\xampp\\htdocs\\web.local\\app\\Views\\produtos\\listar.php', 164)
 2 SYSTEMPATH\View\View.php(234): include('C:\\xampp\\htdocs\\web.local\\app\\Views\\produtos\\listar.php')
 3 SYSTEMPATH\View\View.php(237): CodeIgniter\View\View->CodeIgniter\View\{closure}()
 4 SYSTEMPATH\Common.php(1171): CodeIgniter\View\View->render('produtos/listar', [], true)
 5 APPPATH\Controllers\Produtos.php(21): view('produtos/listar', [...])
 6 SYSTEMPATH\CodeIgniter.php(933): App\Controllers\Produtos->listar()
 7 SYSTEMPATH\CodeIgniter.php(509): CodeIgniter\CodeIgniter->runController(Object(App\Controllers\Produtos))
 8 SYSTEMPATH\CodeIgniter.php(355): CodeIgniter\CodeIgniter->handleRequest(null, Object(Config\Cache), false)
 9 SYSTEMPATH\Boot.php(325): CodeIgniter\CodeIgniter->run()
10 SYSTEMPATH\Boot.php(67): CodeIgniter\Boot::runCodeIgniter(Object(CodeIgniter\CodeIgniter))
11 FCPATH\index.php(56): CodeIgniter\Boot::bootWeb(Object(Config\Paths))
CRITICAL - 2024-09-24 01:05:34 --> ErrorException: Undefined variable $produto
[Method: GET, Route: produtos/listar]
in APPPATH\Views\produtos\listar.php on line 164.
 1 APPPATH\Views\produtos\listar.php(164): CodeIgniter\Debug\Exceptions->errorHandler(2, 'Undefined variable $produto', 'C:\\xampp\\htdocs\\web.local\\app\\Views\\produtos\\listar.php', 164)
 2 SYSTEMPATH\View\View.php(234): include('C:\\xampp\\htdocs\\web.local\\app\\Views\\produtos\\listar.php')
 3 SYSTEMPATH\View\View.php(237): CodeIgniter\View\View->CodeIgniter\View\{closure}()
 4 SYSTEMPATH\Common.php(1171): CodeIgniter\View\View->render('produtos/listar', [], true)
 5 APPPATH\Controllers\Produtos.php(21): view('produtos/listar', [...])
 6 SYSTEMPATH\CodeIgniter.php(933): App\Controllers\Produtos->listar()
 7 SYSTEMPATH\CodeIgniter.php(509): CodeIgniter\CodeIgniter->runController(Object(App\Controllers\Produtos))
 8 SYSTEMPATH\CodeIgniter.php(355): CodeIgniter\CodeIgniter->handleRequest(null, Object(Config\Cache), false)
 9 SYSTEMPATH\Boot.php(325): CodeIgniter\CodeIgniter->run()
10 SYSTEMPATH\Boot.php(67): CodeIgniter\Boot::runCodeIgniter(Object(CodeIgniter\CodeIgniter))
11 FCPATH\index.php(56): CodeIgniter\Boot::bootWeb(Object(Config\Paths))
CRITICAL - 2024-09-24 01:05:39 --> ErrorException: Undefined variable $produto
[Method: GET, Route: produtos/listar]
in APPPATH\Views\produtos\listar.php on line 164.
 1 APPPATH\Views\produtos\listar.php(164): CodeIgniter\Debug\Exceptions->errorHandler(2, 'Undefined variable $produto', 'C:\\xampp\\htdocs\\web.local\\app\\Views\\produtos\\listar.php', 164)
 2 SYSTEMPATH\View\View.php(234): include('C:\\xampp\\htdocs\\web.local\\app\\Views\\produtos\\listar.php')
 3 SYSTEMPATH\View\View.php(237): CodeIgniter\View\View->CodeIgniter\View\{closure}()
 4 SYSTEMPATH\Common.php(1171): CodeIgniter\View\View->render('produtos/listar', [], true)
 5 APPPATH\Controllers\Produtos.php(21): view('produtos/listar', [...])
 6 SYSTEMPATH\CodeIgniter.php(933): App\Controllers\Produtos->listar()
 7 SYSTEMPATH\CodeIgniter.php(509): CodeIgniter\CodeIgniter->runController(Object(App\Controllers\Produtos))
 8 SYSTEMPATH\CodeIgniter.php(355): CodeIgniter\CodeIgniter->handleRequest(null, Object(Config\Cache), false)
 9 SYSTEMPATH\Boot.php(325): CodeIgniter\CodeIgniter->run()
10 SYSTEMPATH\Boot.php(67): CodeIgniter\Boot::runCodeIgniter(Object(CodeIgniter\CodeIgniter))
11 FCPATH\index.php(56): CodeIgniter\Boot::bootWeb(Object(Config\Paths))
CRITICAL - 2024-09-24 01:13:29 --> ArgumentCountError: Too few arguments to function App\Controllers\Produtos::editar(), 0 passed in C:\xampp\htdocs\web.local\system\CodeIgniter.php on line 933 and exactly 1 expected
[Method: POST, Route: produtos/editar]
in APPPATH\Controllers\Produtos.php on line 48.
 1 SYSTEMPATH\CodeIgniter.php(933): App\Controllers\Produtos->editar()
 2 SYSTEMPATH\CodeIgniter.php(509): CodeIgniter\CodeIgniter->runController(Object(App\Controllers\Produtos))
 3 SYSTEMPATH\CodeIgniter.php(355): CodeIgniter\CodeIgniter->handleRequest(null, Object(Config\Cache), false)
 4 SYSTEMPATH\Boot.php(325): CodeIgniter\CodeIgniter->run()
 5 SYSTEMPATH\Boot.php(67): CodeIgniter\Boot::runCodeIgniter(Object(CodeIgniter\CodeIgniter))
 6 FCPATH\index.php(56): CodeIgniter\Boot::bootWeb(Object(Config\Paths))
CRITICAL - 2024-09-24 01:18:30 --> ErrorException: Undefined array key "Usuario"
[Method: GET, Route: login/autenticar]
in APPPATH\Controllers\Login.php on line 23.
 1 APPPATH\Controllers\Login.php(23): CodeIgniter\Debug\Exceptions->errorHandler(2, 'Undefined array key "Usuario"', 'C:\\xampp\\htdocs\\web.local\\app\\Controllers\\Login.php', 23)
 2 SYSTEMPATH\CodeIgniter.php(933): App\Controllers\Login->autenticar()
 3 SYSTEMPATH\CodeIgniter.php(509): CodeIgniter\CodeIgniter->runController(Object(App\Controllers\Login))
 4 SYSTEMPATH\CodeIgniter.php(355): CodeIgniter\CodeIgniter->handleRequest(null, Object(Config\Cache), false)
 5 SYSTEMPATH\Boot.php(325): CodeIgniter\CodeIgniter->run()
 6 SYSTEMPATH\Boot.php(67): CodeIgniter\Boot::runCodeIgniter(Object(CodeIgniter\CodeIgniter))
 7 FCPATH\index.php(56): CodeIgniter\Boot::bootWeb(Object(Config\Paths))
ERROR - 2024-09-24 01:19:37 --> mysqli_sql_exception: Table 'produtos' already exists in C:\xampp\htdocs\web.local\system\Database\MySQLi\Connection.php:312
Stack trace:
#0 C:\xampp\htdocs\web.local\system\Database\MySQLi\Connection.php(312): mysqli->query()
#1 C:\xampp\htdocs\web.local\system\Database\BaseConnection.php(734): CodeIgniter\Database\MySQLi\Connection->execute()
#2 C:\xampp\htdocs\web.local\system\Database\BaseConnection.php(648): CodeIgniter\Database\BaseConnection->simpleQuery()
#3 C:\xampp\htdocs\web.local\system\Database\Forge.php(570): CodeIgniter\Database\BaseConnection->query()
#4 C:\xampp\htdocs\web.local\app\Database\Migrations\2024-09-24-000155_Produtos.php(34): CodeIgniter\Database\Forge->createTable()
#5 C:\xampp\htdocs\web.local\system\Database\MigrationRunner.php(867): App\Database\Migrations\Produtos->up()
#6 C:\xampp\htdocs\web.local\system\Database\MigrationRunner.php(183): CodeIgniter\Database\MigrationRunner->migrate()
#7 C:\xampp\htdocs\web.local\system\Commands\Database\Migrate.php(85): CodeIgniter\Database\MigrationRunner->latest()
#8 C:\xampp\htdocs\web.local\system\CLI\Commands.php(70): CodeIgniter\Commands\Database\Migrate->run()
#9 C:\xampp\htdocs\web.local\system\CLI\Console.php(48): CodeIgniter\CLI\Commands->run()
#10 C:\xampp\htdocs\web.local\system\Boot.php(351): CodeIgniter\CLI\Console->run()
#11 C:\xampp\htdocs\web.local\system\Boot.php(104): CodeIgniter\Boot::runCommand()
#12 C:\xampp\htdocs\web.local\spark(84): CodeIgniter\Boot::bootSpark()
#13 {main}
ERROR - 2024-09-24 01:21:03 --> mysqli_sql_exception: Table 'produtos' already exists in C:\xampp\htdocs\web.local\system\Database\MySQLi\Connection.php:312
Stack trace:
#0 C:\xampp\htdocs\web.local\system\Database\MySQLi\Connection.php(312): mysqli->query()
#1 C:\xampp\htdocs\web.local\system\Database\BaseConnection.php(734): CodeIgniter\Database\MySQLi\Connection->execute()
#2 C:\xampp\htdocs\web.local\system\Database\BaseConnection.php(648): CodeIgniter\Database\BaseConnection->simpleQuery()
#3 C:\xampp\htdocs\web.local\system\Database\Forge.php(570): CodeIgniter\Database\BaseConnection->query()
#4 C:\xampp\htdocs\web.local\app\Database\Migrations\2024-09-24-000155_Produtos.php(34): CodeIgniter\Database\Forge->createTable()
#5 C:\xampp\htdocs\web.local\system\Database\MigrationRunner.php(867): App\Database\Migrations\Produtos->up()
#6 C:\xampp\htdocs\web.local\system\Database\MigrationRunner.php(183): CodeIgniter\Database\MigrationRunner->migrate()
#7 C:\xampp\htdocs\web.local\system\Commands\Database\Migrate.php(85): CodeIgniter\Database\MigrationRunner->latest()
#8 C:\xampp\htdocs\web.local\system\CLI\Commands.php(70): CodeIgniter\Commands\Database\Migrate->run()
#9 C:\xampp\htdocs\web.local\system\CLI\Console.php(48): CodeIgniter\CLI\Commands->run()
#10 C:\xampp\htdocs\web.local\system\Boot.php(351): CodeIgniter\CLI\Console->run()
#11 C:\xampp\htdocs\web.local\system\Boot.php(104): CodeIgniter\Boot::runCommand()
#12 C:\xampp\htdocs\web.local\spark(84): CodeIgniter\Boot::bootSpark()
#13 {main}
CRITICAL - 2024-09-24 01:22:24 --> ErrorException: Undefined array key "Usuario"
[Method: GET, Route: login/autenticar]
in APPPATH\Controllers\Login.php on line 23.
 1 APPPATH\Controllers\Login.php(23): CodeIgniter\Debug\Exceptions->errorHandler(2, 'Undefined array key "Usuario"', 'C:\\xampp\\htdocs\\web.local\\app\\Controllers\\Login.php', 23)
 2 SYSTEMPATH\CodeIgniter.php(933): App\Controllers\Login->autenticar()
 3 SYSTEMPATH\CodeIgniter.php(509): CodeIgniter\CodeIgniter->runController(Object(App\Controllers\Login))
 4 SYSTEMPATH\CodeIgniter.php(355): CodeIgniter\CodeIgniter->handleRequest(null, Object(Config\Cache), false)
 5 SYSTEMPATH\Boot.php(325): CodeIgniter\CodeIgniter->run()
 6 SYSTEMPATH\Boot.php(67): CodeIgniter\Boot::runCodeIgniter(Object(CodeIgniter\CodeIgniter))
 7 FCPATH\index.php(56): CodeIgniter\Boot::bootWeb(Object(Config\Paths))
CRITICAL - 2024-09-24 01:22:26 --> ErrorException: Undefined array key "Usuario"
[Method: GET, Route: login/autenticar]
in APPPATH\Controllers\Login.php on line 23.
 1 APPPATH\Controllers\Login.php(23): CodeIgniter\Debug\Exceptions->errorHandler(2, 'Undefined array key "Usuario"', 'C:\\xampp\\htdocs\\web.local\\app\\Controllers\\Login.php', 23)
 2 SYSTEMPATH\CodeIgniter.php(933): App\Controllers\Login->autenticar()
 3 SYSTEMPATH\CodeIgniter.php(509): CodeIgniter\CodeIgniter->runController(Object(App\Controllers\Login))
 4 SYSTEMPATH\CodeIgniter.php(355): CodeIgniter\CodeIgniter->handleRequest(null, Object(Config\Cache), false)
 5 SYSTEMPATH\Boot.php(325): CodeIgniter\CodeIgniter->run()
 6 SYSTEMPATH\Boot.php(67): CodeIgniter\Boot::runCodeIgniter(Object(CodeIgniter\CodeIgniter))
 7 FCPATH\index.php(56): CodeIgniter\Boot::bootWeb(Object(Config\Paths))
CRITICAL - 2024-09-24 01:33:33 --> TypeError: App\Controllers\Home::index(): Return value must be of type string, CodeIgniter\HTTP\RedirectResponse returned
[Method: GET, Route: /]
in APPPATH\Controllers\Home.php on line 9.
 1 SYSTEMPATH\CodeIgniter.php(933): App\Controllers\Home->index()
 2 SYSTEMPATH\CodeIgniter.php(509): CodeIgniter\CodeIgniter->runController(Object(App\Controllers\Home))
 3 SYSTEMPATH\CodeIgniter.php(355): CodeIgniter\CodeIgniter->handleRequest(null, Object(Config\Cache), false)
 4 SYSTEMPATH\Boot.php(325): CodeIgniter\CodeIgniter->run()
 5 SYSTEMPATH\Boot.php(67): CodeIgniter\Boot::runCodeIgniter(Object(CodeIgniter\CodeIgniter))
 6 FCPATH\index.php(56): CodeIgniter\Boot::bootWeb(Object(Config\Paths))
CRITICAL - 2024-09-24 01:33:34 --> TypeError: App\Controllers\Home::index(): Return value must be of type string, CodeIgniter\HTTP\RedirectResponse returned
[Method: GET, Route: /]
in APPPATH\Controllers\Home.php on line 9.
 1 SYSTEMPATH\CodeIgniter.php(933): App\Controllers\Home->index()
 2 SYSTEMPATH\CodeIgniter.php(509): CodeIgniter\CodeIgniter->runController(Object(App\Controllers\Home))
 3 SYSTEMPATH\CodeIgniter.php(355): CodeIgniter\CodeIgniter->handleRequest(null, Object(Config\Cache), false)
 4 SYSTEMPATH\Boot.php(325): CodeIgniter\CodeIgniter->run()
 5 SYSTEMPATH\Boot.php(67): CodeIgniter\Boot::runCodeIgniter(Object(CodeIgniter\CodeIgniter))
 6 FCPATH\index.php(56): CodeIgniter\Boot::bootWeb(Object(Config\Paths))
